This is pdfTeX, Version 3.14159265-2.6-1.40.19 (TeX Live 2018) (preloaded format=pdflatex 2018.11.27)  12 OCT 2019 18:27
entering extended mode
 restricted \write18 enabled.
 file:line:error style messages enabled.
 %&-line parsing enabled.
**elsarticle-template.tex
(./elsarticle-template.tex
LaTeX2e <2018-04-01> patch level 2
Babel <3.18> and hyphenation patterns for 84 language(s) loaded.
(/usr/local/texlive/2018/texmf-dist/tex/latex/elsarticle/elsarticle.cls
Document Class: elsarticle 2009/09/17, 1.2.0: Elsevier Ltd
\@bls=\dimen102
(/usr/local/texlive/2018/texmf-dist/tex/latex/base/article.cls
Document Class: article 2014/09/29 v1.4h Standard LaTeX document class
(/usr/local/texlive/2018/texmf-dist/tex/latex/base/size10.clo
File: size10.clo 2014/09/29 v1.4h Standard LaTeX file (size option)
)
\c@part=\count80
\c@section=\count81
\c@subsection=\count82
\c@subsubsection=\count83
\c@paragraph=\count84
\c@subparagraph=\count85
\c@figure=\count86
\c@table=\count87
\abovecaptionskip=\skip41
\belowcaptionskip=\skip42
\bibindent=\dimen103
)
(/usr/local/texlive/2018/texmf-dist/tex/latex/graphics/graphicx.sty
Package: graphicx 2017/06/01 v1.1a Enhanced LaTeX Graphics (DPC,SPQR)

(/usr/local/texlive/2018/texmf-dist/tex/latex/graphics/keyval.sty
Package: keyval 2014/10/28 v1.15 key=value parser (DPC)
\KV@toks@=\toks14
)
(/usr/local/texlive/2018/texmf-dist/tex/latex/graphics/graphics.sty
Package: graphics 2017/06/25 v1.2c Standard LaTeX Graphics (DPC,SPQR)

(/usr/local/texlive/2018/texmf-dist/tex/latex/graphics/trig.sty
Package: trig 2016/01/03 v1.10 sin cos tan (DPC)
)
(/usr/local/texlive/2018/texmf-dist/tex/latex/graphics-cfg/graphics.cfg
File: graphics.cfg 2016/06/04 v1.11 sample graphics configuration
)
Package graphics Info: Driver file: pdftex.def on input line 99.

(/usr/local/texlive/2018/texmf-dist/tex/latex/graphics-def/pdftex.def
File: pdftex.def 2018/01/08 v1.0l Graphics/color driver for pdftex
))
\Gin@req@height=\dimen104
\Gin@req@width=\dimen105
)
(/usr/local/texlive/2018/texmf-dist/tex/latex/psnfss/pifont.sty
Package: pifont 2005/04/12 PSNFSS-v9.2a Pi font support (SPQR) 
LaTeX Font Info:    Try loading font information for U+pzd on input line 63.

(/usr/local/texlive/2018/texmf-dist/tex/latex/psnfss/upzd.fd
File: upzd.fd 2001/06/04 font definitions for U/pzd.
)
LaTeX Font Info:    Try loading font information for U+psy on input line 64.

(/usr/local/texlive/2018/texmf-dist/tex/latex/psnfss/upsy.fd
File: upsy.fd 2001/06/04 font definitions for U/psy.
))
\c@tnote=\count88
\c@fnote=\count89
\c@cnote=\count90
\c@ead=\count91
\c@author=\count92
\@eadauthor=\toks15
\c@affn=\count93
\absbox=\box26
\keybox=\box27
\Columnwidth=\dimen106
\space@left=\dimen107
\els@boxa=\box28
\els@boxb=\box29
\leftMargin=\dimen108
\@enLab=\toks16
\@sep=\skip43
\@@sep=\skip44

(./elsarticle-template.spl)
(/usr/local/texlive/2018/texmf-dist/tex/latex/natbib/natbib.sty
Package: natbib 2010/09/13 8.31b (PWD, AO)
\bibhang=\skip45
\bibsep=\skip46
LaTeX Info: Redefining \cite on input line 694.
\c@NAT@ctr=\count94
)
\splwrite=\write3
\openout3 = `elsarticle-template.spl'.

)
(/usr/local/texlive/2018/texmf-dist/tex/latex/lineno/lineno.sty
Package: lineno 2005/11/02 line numbers on paragraphs v4.41
\linenopenalty=\count95
\output=\toks17
\linenoprevgraf=\count96
\linenumbersep=\dimen109
\linenumberwidth=\dimen110
\c@linenumber=\count97
\c@pagewiselinenumber=\count98
\c@LN@truepage=\count99
\c@internallinenumber=\count100
\c@internallinenumbers=\count101
\quotelinenumbersep=\dimen111
\bframerule=\dimen112
\bframesep=\dimen113
\bframebox=\box30
LaTeX Info: Redefining \\ on input line 3056.
)
(/usr/local/texlive/2018/texmf-dist/tex/latex/hyperref/hyperref.sty
Package: hyperref 2018/02/06 v6.86b Hypertext links for LaTeX

(/usr/local/texlive/2018/texmf-dist/tex/generic/oberdiek/hobsub-hyperref.sty
Package: hobsub-hyperref 2016/05/16 v1.14 Bundle oberdiek, subset hyperref (HO)


(/usr/local/texlive/2018/texmf-dist/tex/generic/oberdiek/hobsub-generic.sty
Package: hobsub-generic 2016/05/16 v1.14 Bundle oberdiek, subset generic (HO)
Package: hobsub 2016/05/16 v1.14 Construct package bundles (HO)
Package: infwarerr 2016/05/16 v1.4 Providing info/warning/error messages (HO)
Package: ltxcmds 2016/05/16 v1.23 LaTeX kernel commands for general use (HO)
Package: ifluatex 2016/05/16 v1.4 Provides the ifluatex switch (HO)
Package ifluatex Info: LuaTeX not detected.
Package: ifvtex 2016/05/16 v1.6 Detect VTeX and its facilities (HO)
Package ifvtex Info: VTeX not detected.
Package: intcalc 2016/05/16 v1.2 Expandable calculations with integers (HO)
Package: ifpdf 2017/03/15 v3.2 Provides the ifpdf switch
Package: etexcmds 2016/05/16 v1.6 Avoid name clashes with e-TeX commands (HO)
Package etexcmds Info: Could not find \expanded.
(etexcmds)             That can mean that you are not using pdfTeX 1.50 or
(etexcmds)             that some package has redefined \expanded.
(etexcmds)             In the latter case, load this package earlier.
Package: kvsetkeys 2016/05/16 v1.17 Key value parser (HO)
Package: kvdefinekeys 2016/05/16 v1.4 Define keys (HO)
Package: pdftexcmds 2018/01/30 v0.27 Utility functions of pdfTeX for LuaTeX (HO
)
Package pdftexcmds Info: LuaTeX not detected.
Package pdftexcmds Info: \pdf@primitive is available.
Package pdftexcmds Info: \pdf@ifprimitive is available.
Package pdftexcmds Info: \pdfdraftmode found.
Package: pdfescape 2016/05/16 v1.14 Implements pdfTeX's escape features (HO)
Package: bigintcalc 2016/05/16 v1.4 Expandable calculations on big integers (HO
)
Package: bitset 2016/05/16 v1.2 Handle bit-vector datatype (HO)
Package: uniquecounter 2016/05/16 v1.3 Provide unlimited unique counter (HO)
)
Package hobsub Info: Skipping package `hobsub' (already loaded).
Package: letltxmacro 2016/05/16 v1.5 Let assignment for LaTeX macros (HO)
Package: hopatch 2016/05/16 v1.3 Wrapper for package hooks (HO)
Package: xcolor-patch 2016/05/16 xcolor patch
Package: atveryend 2016/05/16 v1.9 Hooks at the very end of document (HO)
Package atveryend Info: \enddocument detected (standard20110627).
Package: atbegshi 2016/06/09 v1.18 At begin shipout hook (HO)
Package: refcount 2016/05/16 v3.5 Data extraction from label references (HO)
Package: hycolor 2016/05/16 v1.8 Color options for hyperref/bookmark (HO)
)
(/usr/local/texlive/2018/texmf-dist/tex/generic/ifxetex/ifxetex.sty
Package: ifxetex 2010/09/12 v0.6 Provides ifxetex conditional
)
(/usr/local/texlive/2018/texmf-dist/tex/latex/oberdiek/auxhook.sty
Package: auxhook 2016/05/16 v1.4 Hooks for auxiliary files (HO)
)
(/usr/local/texlive/2018/texmf-dist/tex/latex/oberdiek/kvoptions.sty
Package: kvoptions 2016/05/16 v3.12 Key value format for package options (HO)
)
\@linkdim=\dimen114
\Hy@linkcounter=\count102
\Hy@pagecounter=\count103

(/usr/local/texlive/2018/texmf-dist/tex/latex/hyperref/pd1enc.def
File: pd1enc.def 2018/02/06 v6.86b Hyperref: PDFDocEncoding definition (HO)
Now handling font encoding PD1 ...
... no UTF-8 mapping file for font encoding PD1
)
\Hy@SavedSpaceFactor=\count104

(/usr/local/texlive/2018/texmf-dist/tex/latex/latexconfig/hyperref.cfg
File: hyperref.cfg 2002/06/06 v1.2 hyperref configuration of TeXLive
)
Package hyperref Info: Hyper figures OFF on input line 4509.
Package hyperref Info: Link nesting OFF on input line 4514.
Package hyperref Info: Hyper index ON on input line 4517.
Package hyperref Info: Plain pages OFF on input line 4524.
Package hyperref Info: Backreferencing OFF on input line 4529.
Package hyperref Info: Implicit mode ON; LaTeX internals redefined.
Package hyperref Info: Bookmarks ON on input line 4762.
\c@Hy@tempcnt=\count105

(/usr/local/texlive/2018/texmf-dist/tex/latex/url/url.sty
\Urlmuskip=\muskip10
Package: url 2013/09/16  ver 3.4  Verb mode for urls, etc.
)
LaTeX Info: Redefining \url on input line 5115.
\XeTeXLinkMargin=\dimen115
\Fld@menulength=\count106
\Field@Width=\dimen116
\Fld@charsize=\dimen117
Package hyperref Info: Hyper figures OFF on input line 6369.
Package hyperref Info: Link nesting OFF on input line 6374.
Package hyperref Info: Hyper index ON on input line 6377.
Package hyperref Info: backreferencing OFF on input line 6384.
Package hyperref Info: Link coloring OFF on input line 6389.
Package hyperref Info: Link coloring with OCG OFF on input line 6394.
Package hyperref Info: PDF/A mode OFF on input line 6399.
LaTeX Info: Redefining \ref on input line 6439.
LaTeX Info: Redefining \pageref on input line 6443.
\Hy@abspage=\count107
\c@Item=\count108
\c@Hfootnote=\count109
)
Package hyperref Info: Driver (autodetected): hpdftex.

(/usr/local/texlive/2018/texmf-dist/tex/latex/hyperref/hpdftex.def
File: hpdftex.def 2018/02/06 v6.86b Hyperref driver for pdfTeX
\Fld@listcount=\count110
\c@bookmark@seq@number=\count111

(/usr/local/texlive/2018/texmf-dist/tex/latex/oberdiek/rerunfilecheck.sty
Package: rerunfilecheck 2016/05/16 v1.8 Rerun checks for auxiliary files (HO)
Package uniquecounter Info: New unique counter `rerunfilecheck' on input line 2
82.
)
\Hy@SectionHShift=\skip47
)
(/usr/local/texlive/2018/texmf-dist/tex/latex/amsmath/amsmath.sty
Package: amsmath 2017/09/02 v2.17a AMS math features
\@mathmargin=\skip48

For additional information on amsmath, use the `?' option.
(/usr/local/texlive/2018/texmf-dist/tex/latex/amsmath/amstext.sty
Package: amstext 2000/06/29 v2.01 AMS text

(/usr/local/texlive/2018/texmf-dist/tex/latex/amsmath/amsgen.sty
File: amsgen.sty 1999/11/30 v2.0 generic functions
\@emptytoks=\toks18
\ex@=\dimen118
))
(/usr/local/texlive/2018/texmf-dist/tex/latex/amsmath/amsbsy.sty
Package: amsbsy 1999/11/29 v1.2d Bold Symbols
\pmbraise@=\dimen119
)
(/usr/local/texlive/2018/texmf-dist/tex/latex/amsmath/amsopn.sty
Package: amsopn 2016/03/08 v2.02 operator names
)
\inf@bad=\count112
LaTeX Info: Redefining \frac on input line 213.
\uproot@=\count113
\leftroot@=\count114
LaTeX Info: Redefining \overline on input line 375.
\classnum@=\count115
\DOTSCASE@=\count116
LaTeX Info: Redefining \ldots on input line 472.
LaTeX Info: Redefining \dots on input line 475.
LaTeX Info: Redefining \cdots on input line 596.
\Mathstrutbox@=\box31
\strutbox@=\box32
\big@size=\dimen120
LaTeX Font Info:    Redeclaring font encoding OML on input line 712.
LaTeX Font Info:    Redeclaring font encoding OMS on input line 713.
\macc@depth=\count117
\c@MaxMatrixCols=\count118
\dotsspace@=\muskip11
\c@parentequation=\count119
\dspbrk@lvl=\count120
\tag@help=\toks19
\row@=\count121
\column@=\count122
\maxfields@=\count123
\andhelp@=\toks20
\eqnshift@=\dimen121
\alignsep@=\dimen122
\tagshift@=\dimen123
\tagwidth@=\dimen124
\totwidth@=\dimen125
\lineht@=\dimen126
\@envbody=\toks21
\multlinegap=\skip49
\multlinetaggap=\skip50
\mathdisplay@stack=\toks22
LaTeX Info: Redefining \[ on input line 2817.
LaTeX Info: Redefining \] on input line 2818.
)
(/usr/local/texlive/2018/texmf-dist/tex/latex/booktabs/booktabs.sty
Package: booktabs 2016/04/27 v1.618033 publication quality tables
\heavyrulewidth=\dimen127
\lightrulewidth=\dimen128
\cmidrulewidth=\dimen129
\belowrulesep=\dimen130
\belowbottomsep=\dimen131
\aboverulesep=\dimen132
\abovetopsep=\dimen133
\cmidrulesep=\dimen134
\cmidrulekern=\dimen135
\defaultaddspace=\dimen136
\@cmidla=\count124
\@cmidlb=\count125
\@aboverulesep=\dimen137
\@belowrulesep=\dimen138
\@thisruleclass=\count126
\@lastruleclass=\count127
\@thisrulewidth=\dimen139
)
(/usr/local/texlive/2018/texmf-dist/tex/latex/graphics/color.sty
Package: color 2016/07/10 v1.1e Standard LaTeX Color (DPC)

(/usr/local/texlive/2018/texmf-dist/tex/latex/graphics-cfg/color.cfg
File: color.cfg 2016/01/02 v1.6 sample color configuration
)
Package color Info: Driver file: pdftex.def on input line 147.
)
(/usr/local/texlive/2018/texmf-dist/tex/latex/xcolor/xcolor.sty
Package: xcolor 2016/05/11 v2.12 LaTeX color extensions (UK)

(/usr/local/texlive/2018/texmf-dist/tex/latex/graphics-cfg/color.cfg
File: color.cfg 2016/01/02 v1.6 sample color configuration
)
Package xcolor Info: Package option `usenames' ignored on input line 216.
Package xcolor Info: Driver file: pdftex.def on input line 225.
LaTeX Info: Redefining \color on input line 709.
Package xcolor Info: Model `cmy' substituted by `cmy0' on input line 1348.
Package xcolor Info: Model `hsb' substituted by `rgb' on input line 1352.
Package xcolor Info: Model `RGB' extended on input line 1364.
Package xcolor Info: Model `HTML' substituted by `rgb' on input line 1366.
Package xcolor Info: Model `Hsb' substituted by `hsb' on input line 1367.
Package xcolor Info: Model `tHsb' substituted by `hsb' on input line 1368.
Package xcolor Info: Model `HSB' substituted by `hsb' on input line 1369.
Package xcolor Info: Model `Gray' substituted by `gray' on input line 1370.
Package xcolor Info: Model `wave' substituted by `hsb' on input line 1371.

(/usr/local/texlive/2018/texmf-dist/tex/latex/graphics/dvipsnam.def
File: dvipsnam.def 2016/06/17 v3.0m Driver-dependent file (DPC,SPQR)
))
(./numcompress.sty
Package: numcompress 2012/08/18 187 numcompress (CVR)


Package numcompress Warning: ****************************************
(numcompress)                Package numcompress v,187 loaded
(numcompress)                [Compress numbers (CVR)]
(numcompress)                ****************************************.

) (/usr/local/texlive/2018/texmf-dist/tex/latex/setspace/setspace.sty
Package: setspace 2011/12/19 v6.7a set line spacing
)
(./elsarticle-template.aux

LaTeX Warning: Label `fig:ROCotherdrought' multiply defined.

)
\openout1 = `elsarticle-template.aux'.

LaTeX Font Info:    Checking defaults for OML/cmm/m/it on input line 46.
LaTeX Font Info:    ... okay on input line 46.
LaTeX Font Info:    Checking defaults for T1/cmr/m/n on input line 46.
LaTeX Font Info:    ... okay on input line 46.
LaTeX Font Info:    Checking defaults for OT1/cmr/m/n on input line 46.
LaTeX Font Info:    ... okay on input line 46.
LaTeX Font Info:    Checking defaults for OMS/cmsy/m/n on input line 46.
LaTeX Font Info:    ... okay on input line 46.
LaTeX Font Info:    Checking defaults for OMX/cmex/m/n on input line 46.
LaTeX Font Info:    ... okay on input line 46.
LaTeX Font Info:    Checking defaults for U/cmr/m/n on input line 46.
LaTeX Font Info:    ... okay on input line 46.
LaTeX Font Info:    Checking defaults for PD1/pdf/m/n on input line 46.
LaTeX Font Info:    ... okay on input line 46.
 (/usr/local/texlive/2018/texmf-dist/tex/context/base/mkii/supp-pdf.mkii
[Loading MPS to PDF converter (version 2006.09.02).]
\scratchcounter=\count128
\scratchdimen=\dimen140
\scratchbox=\box33
\nofMPsegments=\count129
\nofMParguments=\count130
\everyMPshowfont=\toks23
\MPscratchCnt=\count131
\MPscratchDim=\dimen141
\MPnumerator=\count132
\makeMPintoPDFobject=\count133
\everyMPtoPDFconversion=\toks24
) (/usr/local/texlive/2018/texmf-dist/tex/latex/oberdiek/epstopdf-base.sty
Package: epstopdf-base 2016/05/15 v2.6 Base part for package epstopdf

(/usr/local/texlive/2018/texmf-dist/tex/latex/oberdiek/grfext.sty
Package: grfext 2016/05/16 v1.2 Manage graphics extensions (HO)
)
Package epstopdf-base Info: Redefining graphics rule for `.eps' on input line 4
38.
Package grfext Info: Graphics extension search list:
(grfext)             [.pdf,.png,.jpg,.mps,.jpeg,.jbig2,.jb2,.PDF,.PNG,.JPG,.JPE
G,.JBIG2,.JB2,.eps]
(grfext)             \AppendGraphicsExtensions on input line 456.

(/usr/local/texlive/2018/texmf-dist/tex/latex/latexconfig/epstopdf-sys.cfg
File: epstopdf-sys.cfg 2010/07/13 v1.3 Configuration of (r)epstopdf for TeX Liv
e
))
\AtBeginShipoutBox=\box34
Package hyperref Info: Link coloring OFF on input line 46.

(/usr/local/texlive/2018/texmf-dist/tex/latex/hyperref/nameref.sty
Package: nameref 2016/05/21 v2.44 Cross-referencing by name of section

(/usr/local/texlive/2018/texmf-dist/tex/generic/oberdiek/gettitlestring.sty
Package: gettitlestring 2016/05/16 v1.5 Cleanup title references (HO)
)
\c@section@level=\count134
)
LaTeX Info: Redefining \ref on input line 46.
LaTeX Info: Redefining \pageref on input line 46.
LaTeX Info: Redefining \nameref on input line 46.

(./elsarticle-template.out) (./elsarticle-template.out)
\@outlinefile=\write4
\openout4 = `elsarticle-template.out'.

 [1


{/usr/local/texlive/2018/texmf-var/fonts/map/pdftex/updmap/pdftex.map}] [2] [3]
 [4] [5] [6]
<figures/livelihood_zones13.pdf, id=238, 1892.22668pt x 1247.25543pt>
File: figures/livelihood_zones13.pdf Graphic file (type pdf)
<use figures/livelihood_zones13.pdf>
Package pdftex.def Info: figures/livelihood_zones13.pdf  used on input line 133
.
(pdftex.def)             Requested size: 398.33858pt x 281.61pt.

Overfull \hbox (53.33858pt too wide) in paragraph at lines 133--134
 [][] 
 []

[7 <./figures/livelihood_zones13.pdf>] [8] [9]
<figures/Flowchart.pdf, id=393, 597.23125pt x 845.1575pt>
File: figures/Flowchart.pdf Graphic file (type pdf)
<use figures/Flowchart.pdf>
Package pdftex.def Info: figures/Flowchart.pdf  used on input line 172.
(pdftex.def)             Requested size: 369.88582pt x 549.64249pt.

Overfull \hbox (24.88582pt too wide) in paragraph at lines 172--173
 [][] 
 []


LaTeX Warning: Float too large for page by 20.69804pt on input line 174.

[10] [11 <./figures/Flowchart.pdf>]
<figures/NDVI2.pdf, id=419, 1228.59pt x 505.89pt>
File: figures/NDVI2.pdf Graphic file (type pdf)
<use figures/NDVI2.pdf>
Package pdftex.def Info: figures/NDVI2.pdf  used on input line 193.
(pdftex.def)             Requested size: 412.56496pt x 192.1244pt.

Overfull \hbox (67.56496pt too wide) in paragraph at lines 193--194
 [][] 
 []

[12 <./figures/NDVI2.pdf>] [13] [14]
<figures/contour_LsatNDVI_Anom1.pdf, id=489, 501.2163pt x 1209.49425pt>
File: figures/contour_LsatNDVI_Anom1.pdf Graphic file (type pdf)
<use figures/contour_LsatNDVI_Anom1.pdf>
Package pdftex.def Info: figures/contour_LsatNDVI_Anom1.pdf  used on input line
 245.
(pdftex.def)             Requested size: 153.6447pt x 415.64267pt.
<figures/contour_adam_NDVI1.pdf, id=490, 349.51685pt x 844.5182pt>
File: figures/contour_adam_NDVI1.pdf Graphic file (type pdf)
<use figures/contour_adam_NDVI1.pdf>
Package pdftex.def Info: figures/contour_adam_NDVI1.pdf  used on input line 245
.
(pdftex.def)             Requested size: 153.6447pt x 417.63707pt.
<figures/contour.pdf, id=491, 505.89pt x 1517.67pt>
File: figures/contour.pdf Graphic file (type pdf)
<use figures/contour.pdf>
Package pdftex.def Info: figures/contour.pdf  used on input line 251.
(pdftex.def)             Requested size: 153.6447pt x 507.7312pt.
<figures/contour_adam.pdf, id=492, 505.89pt x 1517.67pt>
File: figures/contour_adam.pdf Graphic file (type pdf)
<use figures/contour_adam.pdf>
Package pdftex.def Info: figures/contour_adam.pdf  used on input line 251.
(pdftex.def)             Requested size: 153.6447pt x 507.7312pt.


LaTeX Warning: Float too large for page by 7.28676pt on input line 253.


Overfull \hbox (68.12785pt too wide) in paragraph at lines 267--285
 [][] 
 []


LaTeX Warning: Reference `fig:contour' on page 15 undefined on input line 287.

[15] [16 <./figures/contour_LsatNDVI_Anom1.pdf> <./figures/contour_adam_NDVI1.p
df>] [17 <./figures/contour.pdf> <./figures/contour_adam.pdf

pdfTeX warning: /usr/texbin/pdflatex (file ./figures/contour_adam.pdf): PDF inc
lusion: multiple pdfs with page group included in a single page
>] [18]
Overfull \hbox (135.95274pt too wide) in paragraph at lines 305--317
 [][] 
 []

<figures/seasonal_LANDSAT_1Region.pdf, id=629, 941.10349pt x 527.68896pt>
File: figures/seasonal_LANDSAT_1Region.pdf Graphic file (type pdf)
<use figures/seasonal_LANDSAT_1Region.pdf>
Package pdftex.def Info: figures/seasonal_LANDSAT_1Region.pdf  used on input li
ne 325.
(pdftex.def)             Requested size: 153.6447pt x 76.85948pt.
<figures/seasonal_MODIS.pdf, id=630, 1084.05pt x 578.16pt>
File: figures/seasonal_MODIS.pdf Graphic file (type pdf)
<use figures/seasonal_MODIS.pdf>
Package pdftex.def Info: figures/seasonal_MODIS.pdf  used on input line 325.
(pdftex.def)             Requested size: 153.6447pt x 85.28845pt.
<figures/VCIfcO.pdf, id=631, 505.89pt x 505.89pt>
File: figures/VCIfcO.pdf Graphic file (type pdf)
<use figures/VCIfcO.pdf>
Package pdftex.def Info: figures/VCIfcO.pdf  used on input line 338.
(pdftex.def)             Requested size: 159.3356pt x 186.65901pt.
<figures/VCIfc0abb2.pdf, id=632, 505.89pt x 505.89pt>
File: figures/VCIfc0abb2.pdf Graphic file (type pdf)
<use figures/VCIfc0abb2.pdf>
Package pdftex.def Info: figures/VCIfc0abb2.pdf  used on input line 340.
(pdftex.def)             Requested size: 159.3356pt x 186.65901pt.
[19 <./figures/seasonal_LANDSAT_1Region.pdf> <./figures/seasonal_MODIS.pdf

pdfTeX warning: /usr/texbin/pdflatex (file ./figures/seasonal_MODIS.pdf): PDF i
nclusion: multiple pdfs with page group included in a single page
>] [20 <./figures/VCIfcO.pdf> <./figures/VCIfc0abb2.pdf

pdfTeX warning: /usr/texbin/pdflatex (file ./figures/VCIfc0abb2.pdf): PDF inclu
sion: multiple pdfs with page group included in a single page
>]
Overfull \hbox (102.85083pt too wide) in paragraph at lines 359--371
 [][] 
 []

[21] [22] [23] [24]
Overfull \hbox (106.98074pt too wide) in paragraph at lines 424--435
 [][] 
 []

[25] [26] [27] [28] [29]
<figures/QuadraticInt_contour.pdf, id=866, 476.60873pt x 443.0126pt>
File: figures/QuadraticInt_contour.pdf Graphic file (type pdf)
<use figures/QuadraticInt_contour.pdf>
Package pdftex.def Info: figures/QuadraticInt_contour.pdf  used on input line 5
32.
(pdftex.def)             Requested size: 227.62204pt x 233.10948pt.
 [30 <./figures/QuadraticInt_contour.pdf>]
<figures/FC-pref.pdf, id=904, 1228.59pt x 505.89pt>
File: figures/FC-pref.pdf Graphic file (type pdf)
<use figures/FC-pref.pdf>
Package pdftex.def Info: figures/FC-pref.pdf  used on input line 557.
(pdftex.def)             Requested size: 398.33858pt x 185.50128pt.

Overfull \hbox (53.33858pt too wide) in paragraph at lines 557--558
 [][] 
 []

<figures/NDVI_forecast2.pdf, id=905, 1077.2465pt x 426.4714pt>
File: figures/NDVI_forecast2.pdf Graphic file (type pdf)
<use figures/NDVI_forecast2.pdf>
Package pdftex.def Info: figures/NDVI_forecast2.pdf  used on input line 563.
(pdftex.def)             Requested size: 355.65944pt x 148.65552pt.

Overfull \hbox (10.65944pt too wide) in paragraph at lines 563--564
 [][] 
 []

<figures/ngaps.pdf, id=906, 1011.78pt x 650.43pt>
File: figures/ngaps.pdf Graphic file (type pdf)
<use figures/ngaps.pdf>
Package pdftex.def Info: figures/ngaps.pdf  used on input line 569.
(pdftex.def)             Requested size: 153.6447pt x 86.63744pt.
File: figures/ngaps.pdf Graphic file (type pdf)
<use figures/ngaps.pdf>
Package pdftex.def Info: figures/ngaps.pdf  used on input line 569.
(pdftex.def)             Requested size: 153.6447pt x 86.63744pt.
<figures/VCIotherROCabb.pdf, id=907, 505.89pt x 1517.67pt>
File: figures/VCIotherROCabb.pdf Graphic file (type pdf)
<use figures/VCIotherROCabb.pdf>
Package pdftex.def Info: figures/VCIotherROCabb.pdf  used on input line 576.
(pdftex.def)             Requested size: 153.6447pt x 507.7312pt.
File: figures/VCIotherROCabb.pdf Graphic file (type pdf)
<use figures/VCIotherROCabb.pdf>
Package pdftex.def Info: figures/VCIotherROCabb.pdf  used on input line 576.
(pdftex.def)             Requested size: 153.6447pt x 507.7312pt.

LaTeX Warning: Float too large for page by 16.78676pt on input line 578.

[31 <./figures/FC-pref.pdf>] [32 <./figures/NDVI_forecast2.pdf> <./figures/ngap
s.pdf

pdfTeX warning: /usr/texbin/pdflatex (file ./figures/ngaps.pdf): PDF inclusion:
 multiple pdfs with page group included in a single page
>] [33 <./figures/VCIotherROCabb.pdf>] [34] [35] [36] [37] [38] [39] [40]
<figures/GCheatmap2.pdf, id=1120, 692.93242pt x 539.74837pt>
File: figures/GCheatmap2.pdf Graphic file (type pdf)
<use figures/GCheatmap2.pdf>
Package pdftex.def Info: figures/GCheatmap2.pdf  used on input line 871.
(pdftex.def)             Requested size: 312.9803pt x 265.60733pt.

[41 <./figures/GCheatmap2.pdf>] (./elsarticle-template.bbl
Underfull \hbox (badness 10000) in paragraph at lines 38--49
\OT1/cmr/m/n/10 ters 2015;42(13):5290--8.  URL: []$\OT1/cmtt/m/n/10 https : / /
 agupubs . onlinelibrary .
 []


Underfull \hbox (badness 3590) in paragraph at lines 38--49
\OT1/cmtt/m/n/10 wiley . com / doi / abs / 10 . 1002 / 2015GL063991$[]\OT1/cmr/
m/n/10 . doi:[]$\OT1/cmtt/m/n/10 10 . 1002 / 2015GL063991$[]\OT1/cmr/m/n/10 .
 []


Overfull \hbox (56.27441pt too wide) in paragraph at lines 38--49
[]\OT1/cmtt/m/n/10 arXiv:https://agupubs.onlinelibrary.wiley.com/doi/pdf/10.100
2/2015GL063991[]\OT1/cmr/m/n/10 . 
 []


Underfull \hbox (badness 1348) in paragraph at lines 50--57
\OT1/cmr/m/n/10 Econ-omy.  Tech-ni-cal Re-port; 2011.  URL: []$\OT1/cmtt/m/n/10
 https : / / cgspace . cgiar .
 []


Underfull \hbox (badness 10000) in paragraph at lines 50--57
\OT1/cmtt/m/n/10 org / bitstream / handle / 10568 / 24972 / IGAD{_}LPI{_}WP{_}0
3-[]11 . pdf ?
 []

[42]
Underfull \hbox (badness 2726) in paragraph at lines 81--91
\OT1/cmr/m/n/10 -- 40.  URL: []$\OT1/cmtt/m/n/10 http : / / www . sciencedirect
 . com / science / article / pii /
 []


Underfull \hbox (badness 10000) in paragraph at lines 81--91
\OT1/cmtt/m/n/10 S0959378015300248$[]\OT1/cmr/m/n/10 . doi:[]$\OT1/cmtt/m/n/10 
https : / / doi . org / 10 . 1016 / j . gloenvcha . 2015 .
 []


Underfull \hbox (badness 10000) in paragraph at lines 118--131
\OT1/cmtt/m/n/10 wiley . com / doi / abs / 10 . 1002 / sam . 10129$[]\OT1/cmr/m
/n/10 . doi:[]$\OT1/cmtt/m/n/10 10 . 1002 / sam . 10129$[]\OT1/cmr/m/n/10 .
 []

[43]
Underfull \hbox (badness 4168) in paragraph at lines 165--173
[]\OT1/cmr/m/n/10 FEWS-NET .  Sce-nario de-vel-op-ment for food se-cu-rity earl
y warn-
 []


Underfull \hbox (badness 2310) in paragraph at lines 200--209
[]\OT1/cmr/m/n/10 Kim JJ, Guha-Sapir D.  Famines in africa: is early warn-ing e
arly
 []


Underfull \hbox (badness 3009) in paragraph at lines 200--209
\OT1/cmr/m/n/10 enough?  Global Health Ac-tion 2012;5(1):18481.  URL: []$\OT1/c
mtt/m/n/10 https :
 []


Underfull \hbox (badness 10000) in paragraph at lines 200--209
\OT1/cmtt/m/n/10 / / doi . org / 10 . 3402 / gha . v5i0 . 18481$[]\OT1/cmr/m/n/
10 . doi:[]$\OT1/cmtt/m/n/10 10 . 3402 / gha . v5i0 . 18481$[]\OT1/cmr/m/n/10 .

 []

[44]
Underfull \hbox (badness 1189) in paragraph at lines 219--231
[]\OT1/cmr/m/n/10 Kogan F.  Ap-pli-ca-tion of veg-e-ta-tion in-dex and bright-n
ess tem-per-a-ture
 []


Underfull \hbox (badness 1062) in paragraph at lines 219--231
\OT1/cmr/m/n/10 for drought de-tec-tion.  Ad-vances in Space Re-search 1995;15(
11):91 --
 []


Underfull \hbox (badness 7759) in paragraph at lines 219--231
\OT1/cmr/m/n/10 100.  URL: []$\OT1/cmtt/m/n/10 http : / / www . sciencedirect .
 com / science / article / pii /
 []


Underfull \hbox (badness 10000) in paragraph at lines 219--231
\OT1/cmtt/m/n/10 027311779500079T$[]\OT1/cmr/m/n/10 . doi:[]$\OT1/cmtt/m/n/10 h
ttps : / / doi . org / 10 . 1016 / 0273-[]1177(95 )
 []


Underfull \hbox (badness 10000) in paragraph at lines 232--243
\OT1/cmtt/m/n/10 / / doi . org / 10 . 1080 / 2150704X . 2012 . 736033$[]\OT1/cm
r/m/n/10 . doi:[]$\OT1/cmtt/m/n/10 10 . 1080 / 2150704X .
 []


Underfull \hbox (badness 1325) in paragraph at lines 253--266
\OT1/cmr/m/n/10 2010;391(1):202 --16.  URL: []$\OT1/cmtt/m/n/10 http : / / www 
. sciencedirect . com / science /
 []


Underfull \hbox (badness 10000) in paragraph at lines 253--266
\OT1/cmtt/m/n/10 article / pii / S0022169410004257$[]\OT1/cmr/m/n/10 . doi:[]$\
OT1/cmtt/m/n/10 https : / / doi . org / 10 . 1016 / j .
 []


Underfull \hbox (badness 2698) in paragraph at lines 267--290
\OT1/cmr/m/n/10 liott J, Fu-ji-mori S, Hasegawa T, Hey-hoe E, Kyle P, Von Lampe

 []


Underfull \hbox (badness 1112) in paragraph at lines 267--290
\OT1/cmr/m/n/10 M, Lotze-Campen H, Ma-son d'Croz D, van Meijl H, van der Mens-
 []


Underfull \hbox (badness 1881) in paragraph at lines 267--290
\OT1/cmr/m/n/10 cul-ture: Eco-nomic re-sponses to bio-phys-i-cal shocks.  Pro-c
eed-ings of
 []


Underfull \hbox (badness 1142) in paragraph at lines 267--290
\OT1/cmr/m/n/10 the Na-tional Academy of Sci-ences 2014;111(9):3274--9.  URL: [
]$\OT1/cmtt/m/n/10 https :
 []


Underfull \hbox (badness 10000) in paragraph at lines 267--290
\OT1/cmtt/m/n/10 / / www . pnas . org / content / 111 / 9 / 3274$[]\OT1/cmr/m/n
/10 . doi:[]$\OT1/cmtt/m/n/10 10 . 1073 / pnas . 1222465110$[]\OT1/cmr/m/n/10 .

 []

[45]
Underfull \hbox (badness 1509) in paragraph at lines 322--335
[]\OT1/cmr/m/n/10 Coughlan de Perez E, van den Hurk B, van Aalst MK, Jong-man B
,
 []


Underfull \hbox (badness 1142) in paragraph at lines 322--335
\OT1/cmr/m/n/10 Klose T, Suarez P.  Forecast-based fi-nanc-ing: an ap-proach fo
r cat-
 []


Underfull \hbox (badness 2035) in paragraph at lines 322--335
\OT1/cmr/m/n/10 casts.  Nat-u-ral Haz-ards and Earth Sys-tem Sci-ences 2015;15(
4):895--
 []


Underfull \hbox (badness 3199) in paragraph at lines 322--335
\OT1/cmr/m/n/10 904.  URL: []$\OT1/cmtt/m/n/10 https : / / www . nat-[]hazards-
[]earth-[]syst-[]sci . net / 15 / 895 /
 []


Underfull \hbox (badness 3525) in paragraph at lines 336--346
\OT1/cmr/m/n/10 An Overview.  Refugee Sur-vey Quar-terly 2011;30(3):1--23.  URL
:
 []


Underfull \hbox (badness 10000) in paragraph at lines 336--346
[]$\OT1/cmtt/m/n/10 https : / / doi . org / 10 . 1093 / rsq / hdr006$[]\OT1/cmr
/m/n/10 . doi:[]$\OT1/cmtt/m/n/10 10 . 1093 / rsq / hdr006$[]\OT1/cmr/m/n/10 .
 []


Overfull \hbox (40.52455pt too wide) in paragraph at lines 336--346
[]\OT1/cmtt/m/n/10 arXiv:http://oup.prod.sis.lan/rsq/article-pdf/30/3/1/4460951
/hdr006.pdf[]\OT1/cmr/m/n/10 . 
 []

[46]
Underfull \hbox (badness 2435) in paragraph at lines 363--376
\OT1/cmr/m/n/10 Re-mote Sens-ing of En-vi-ron-ment 2011;115(2):343 --52.  URL: 
[]$\OT1/cmtt/m/n/10 http :
 []


Underfull \hbox (badness 10000) in paragraph at lines 363--376
\OT1/cmtt/m/n/10 / / www . sciencedirect . com / science / article / pii / S003
4425710002798$[]\OT1/cmr/m/n/10 .
 []


Underfull \hbox (badness 1038) in paragraph at lines 408--420
[]\OT1/cmr/m/n/10 Sai F, Cumiskey L, Weerts A, Bhat-tacharya B, Haque Khan R.  
To-
 []


Underfull \hbox (badness 1888) in paragraph at lines 408--420
\OT1/cmr/m/n/10 wards impact-based flood fore-cast-ing and warn-ing in banglade
sh: a
 []


Underfull \hbox (badness 1286) in paragraph at lines 408--420
\OT1/cmr/m/n/10 case study at the lo-cal level in sir-a-j-ganj dis-trict.  Nat-
u-ral Haz-ards
 []


Underfull \hbox (badness 10000) in paragraph at lines 408--420
\OT1/cmtt/m/n/10 / / www . nat-[]hazards-[]earth-[]syst-[]sci-[]discuss . net /
 nhess-[]2018-[]26/$[]\OT1/cmr/m/n/10 .
 []

[47]
Underfull \hbox (badness 4378) in paragraph at lines 430--439
[]\OT1/cmr/m/n/10 Schaaf C, Wang Z.  MCD43A4 MODIS/Terra+Aqua BRDF/Albedo
 []


Underfull \hbox (badness 3954) in paragraph at lines 430--439
\OT1/cmr/m/n/10 Nadir BRDF Ad-justed Ref Daily L3 Global - 500m V006 [Data
 []


Underfull \hbox (badness 1303) in paragraph at lines 430--439
\OT1/cmr/m/n/10 set].  2015.  URL: []$\OT1/cmtt/m/n/10 https : / / lpdaac . usg
s . gov / dataset{_}discovery /
 []


Underfull \hbox (badness 10000) in paragraph at lines 462--473
\OT1/cmtt/m/n/10 sciencemag . org / content / 1 / 9 / e1500682$[]\OT1/cmr/m/n/1
0 . doi:[]$\OT1/cmtt/m/n/10 10 . 1126 / sciadv . 1500682$[]\OT1/cmr/m/n/10 .
 []


Overfull \hbox (19.52473pt too wide) in paragraph at lines 462--473
[]\OT1/cmtt/m/n/10 arXiv:https://advances.sciencemag.org/content/1/9/e1500682.f
ull.pdf[]\OT1/cmr/m/n/10 . 
 []

[48]
Underfull \hbox (badness 7558) in paragraph at lines 519--530
\OT1/cmr/m/n/10 18.  URL: []$\OT1/cmtt/m/n/10 https : / / www . sciencedirect .
 com / science / article / pii /
 []


Underfull \hbox (badness 1924) in paragraph at lines 564--574
[]\OT1/cmr/m/n/10 Zhang L, Jiao W, Zhang H, Huang C, Tong Q.  Study-ing drought

 []


Underfull \hbox (badness 1540) in paragraph at lines 564--574
\OT1/cmr/m/n/10 phe-nom-ena in the con-ti-nen-tal united states in 2011 and 201
2 us-ing
 []


Underfull \hbox (badness 1394) in paragraph at lines 564--574
\OT1/cmr/m/n/10 -- 106.  URL: []$\OT1/cmtt/m/n/10 http : / / www . sciencedirec
t . com / science / article / pii /
 []

[49])
Package atveryend Info: Empty hook `BeforeClearDocument' on input line 882.
 [50]
Package atveryend Info: Empty hook `AfterLastShipout' on input line 882.
 (./elsarticle-template.aux)
Package atveryend Info: Executing hook `AtVeryEndDocument' on input line 882.
Package atveryend Info: Executing hook `AtEndAfterFileList' on input line 882.
Package rerunfilecheck Info: File `elsarticle-template.out' has not changed.
(rerunfilecheck)             Checksum: D735334F4D8ED2E8597E46BFB60631E2;1363.


LaTeX Warning: There were undefined references.


LaTeX Warning: There were multiply-defined labels.

Package atveryend Info: Empty hook `AtVeryVeryEnd' on input line 882.
 ) 
Here is how much of TeX's memory you used:
 7502 strings out of 492649
 107740 string characters out of 6129621
 258923 words of memory out of 5000000
 11114 multiletter control sequences out of 15000+600000
 11551 words of font info for 41 fonts, out of 8000000 for 9000
 1141 hyphenation exceptions out of 8191
 32i,13n,35p,1653b,1438s stack positions out of 5000i,500n,10000p,200000b,80000s
pdfTeX warning (dest): name{Hfootnote.4} has been referenced but does not exi
st, replaced by a fixed one

pdfTeX warning (dest): name{Hfootnote.3} has been referenced but does not exist
, replaced by a fixed one

pdfTeX warning (dest): name{Hfootnote.2} has been referenced but does not exist
, replaced by a fixed one

pdfTeX warning (dest): name{Hfootnote.1} has been referenced but does not exist
, replaced by a fixed one

</usr/local/texlive/2018/texmf-dist/fonts/type1/public/amsfonts/cm/cmbx10.pfb><
/usr/local/texlive/2018/texmf-dist/fonts/type1/public/amsfonts/cm/cmbx8.pfb></u
sr/local/texlive/2018/texmf-dist/fonts/type1/public/amsfonts/cm/cmbx9.pfb></usr
/local/texlive/2018/texmf-dist/fonts/type1/public/amsfonts/cm/cmex10.pfb></usr/
local/texlive/2018/texmf-dist/fonts/type1/public/amsfonts/cm/cmmi10.pfb></usr/l
ocal/texlive/2018/texmf-dist/fonts/type1/public/amsfonts/cm/cmmi6.pfb></usr/loc
al/texlive/2018/texmf-dist/fonts/type1/public/amsfonts/cm/cmmi7.pfb></usr/local
/texlive/2018/texmf-dist/fonts/type1/public/amsfonts/cm/cmmi8.pfb></usr/local/t
exlive/2018/texmf-dist/fonts/type1/public/amsfonts/cm/cmmi9.pfb></usr/local/tex
live/2018/texmf-dist/fonts/type1/public/amsfonts/cm/cmr10.pfb></usr/local/texli
ve/2018/texmf-dist/fonts/type1/public/amsfonts/cm/cmr12.pfb></usr/local/texlive
/2018/texmf-dist/fonts/type1/public/amsfonts/cm/cmr6.pfb></usr/local/texlive/20
18/texmf-dist/fonts/type1/public/amsfonts/cm/cmr7.pfb></usr/local/texlive/2018/
texmf-dist/fonts/type1/public/amsfonts/cm/cmr8.pfb></usr/local/texlive/2018/tex
mf-dist/fonts/type1/public/amsfonts/cm/cmr9.pfb></usr/local/texlive/2018/texmf-
dist/fonts/type1/public/amsfonts/cm/cmss8.pfb></usr/local/texlive/2018/texmf-di
st/fonts/type1/public/amsfonts/cm/cmsy10.pfb></usr/local/texlive/2018/texmf-dis
t/fonts/type1/public/amsfonts/cm/cmsy7.pfb></usr/local/texlive/2018/texmf-dist/
fonts/type1/public/amsfonts/cm/cmsy8.pfb></usr/local/texlive/2018/texmf-dist/fo
nts/type1/public/amsfonts/cm/cmti10.pfb></usr/local/texlive/2018/texmf-dist/fon
ts/type1/public/amsfonts/cm/cmti7.pfb></usr/local/texlive/2018/texmf-dist/fonts
/type1/public/amsfonts/cm/cmti8.pfb></usr/local/texlive/2018/texmf-dist/fonts/t
ype1/public/amsfonts/cm/cmtt10.pfb>
Output written on elsarticle-template.pdf (50 pages, 5867933 bytes).
PDF statistics:
 1487 PDF objects out of 1728 (max. 8388607)
 922 compressed objects within 10 object streams
 163 named destinations out of 1000 (max. 500000)
 246 words of extra memory for PDF output out of 10000 (max. 10000000)

